<?xml version="1.0" encoding="UTF-8"?>
<testng-results skipped="0" failed="0" ignored="0" total="1" passed="1">
  <reporter-output>
  </reporter-output>
  <suite name="Default suite" duration-ms="21133" started-at="2019-08-29T14:45:45 IST" finished-at="2019-08-29T14:46:06 IST">
    <groups>
    </groups>
    <test name="Default test" duration-ms="21133" started-at="2019-08-29T14:45:45 IST" finished-at="2019-08-29T14:46:06 IST">
      <class name="com.atmecs.booikng.testscripts.LoginPageTest">
        <test-method status="PASS" signature="browserSetup()[pri:0, instance:com.atmecs.booikng.testscripts.LoginPageTest@5c5a1b69]" name="browserSetup" is-config="true" duration-ms="7516" started-at="2019-08-29T14:45:45 IST" finished-at="2019-08-29T14:45:53 IST">
          <reporter-output>
          </reporter-output>
        </test-method> <!-- browserSetup -->
        <test-method status="PASS" signature="loginPageTest()[pri:0, instance:com.atmecs.booikng.testscripts.LoginPageTest@5c5a1b69]" name="loginPageTest" duration-ms="13553" started-at="2019-08-29T14:45:53 IST" finished-at="2019-08-29T14:46:06 IST">
          <reporter-output>
          </reporter-output>
        </test-method> <!-- loginPageTest -->
      </class> <!-- com.atmecs.booikng.testscripts.LoginPageTest -->
    </test> <!-- Default test -->
  </suite> <!-- Default suite -->
</testng-results>
